Started GET "/" for 192.168.33.1 at 2018-12-12 03:45:01 +0000
Cannot render console from 192.168.33.1! Allowed networks: 127.0.0.1, ::1, 127.0.0.0/127.255.255.255
Processing by Rails::WelcomeController#index as HTML
  Rendering /usr/local/rbenv/versions/2.5.3/lib/ruby/gems/2.5.0/gems/railties-5.2.2/lib/rails/templates/rails/welcome/index.html.erb
  Rendered /usr/local/rbenv/versions/2.5.3/lib/ruby/gems/2.5.0/gems/railties-5.2.2/lib/rails/templates/rails/welcome/index.html.erb (16.6ms)
Completed 200 OK in 57ms (Views: 46.1ms | ActiveRecord: 0.0ms)


Started GET "/" for 192.168.33.1 at 2018-12-12 03:46:22 +0000
Cannot render console from 192.168.33.1! Allowed networks: 127.0.0.1, ::1, 127.0.0.0/127.255.255.255
Processing by Rails::WelcomeController#index as HTML
  Rendering /usr/local/rbenv/versions/2.5.3/lib/ruby/gems/2.5.0/gems/railties-5.2.2/lib/rails/templates/rails/welcome/index.html.erb
  Rendered /usr/local/rbenv/versions/2.5.3/lib/ruby/gems/2.5.0/gems/railties-5.2.2/lib/rails/templates/rails/welcome/index.html.erb (2.5ms)
Completed 200 OK in 8ms (Views: 5.8ms | ActiveRecord: 0.0ms)


Started GET "/" for 192.168.33.1 at 2018-12-19 04:16:47 +0000
Cannot render console from 192.168.33.1! Allowed networks: 127.0.0.1, ::1, 127.0.0.0/127.255.255.255
Processing by Rails::WelcomeController#index as HTML
  Rendering /usr/local/rbenv/versions/2.5.3/lib/ruby/gems/2.5.0/gems/railties-5.2.2/lib/rails/templates/rails/welcome/index.html.erb
  Rendered /usr/local/rbenv/versions/2.5.3/lib/ruby/gems/2.5.0/gems/railties-5.2.2/lib/rails/templates/rails/welcome/index.html.erb (7.3ms)
Completed 200 OK in 45ms (Views: 26.4ms | ActiveRecord: 0.0ms)


  [1m[35m (0.2ms)[0m  [1m[34mSELECT sqlite_version(*)[0m
  ↳ bin/rails:9
  [1m[35m (7.2ms)[0m  [1m[35mCREATE TABLE "schema_migrations" ("version" varchar NOT NULL PRIMARY KEY)[0m
  ↳ bin/rails:9
  [1m[35m (6.7ms)[0m  [1m[35mCREATE TABLE "ar_internal_metadata" ("key" varchar NOT NULL PRIMARY KEY, "value" varchar, "created_at" datetime NOT NULL, "updated_at" datetime NOT NULL)[0m
  ↳ bin/rails:9
  [1m[35m (2.2ms)[0m  [1m[34mSELECT "schema_migrations"."version" FROM "schema_migrations" ORDER BY "schema_migrations"."version" ASC[0m
  ↳ bin/rails:9
Migrating to CreateFileNames (20181219042559)
  [1m[35m (0.1ms)[0m  [1m[36mbegin transaction[0m
  ↳ bin/rails:9
  [1m[35m (5.7ms)[0m  [1m[35mCREATE TABLE "file_names" ("id" integer PRIMARY KEY AUTOINCREMENT NOT NULL, "name" varchar NOT NULL, "file" blob NOT NULL, "description" text, "created_at" datetime NOT NULL, "updated_at" datetime NOT NULL)[0m
  ↳ db/migrate/20181219042559_create_file_names.rb:3
  [1m[36mActiveRecord::SchemaMigration Create (1.9ms)[0m  [1m[32mINSERT INTO "schema_migrations" ("version") VALUES (?)[0m  [["version", "20181219042559"]]
  ↳ bin/rails:9
  [1m[35m (2.9ms)[0m  [1m[36mcommit transaction[0m
  ↳ bin/rails:9
  [1m[36mActiveRecord::InternalMetadata Load (2.4ms)[0m  [1m[34mSELECT  "ar_internal_metadata".* FROM "ar_internal_metadata" WHERE "ar_internal_metadata"."key" = ? LIMIT ?[0m  [["key", "environment"], ["LIMIT", 1]]
  ↳ bin/rails:9
  [1m[35m (0.1ms)[0m  [1m[36mbegin transaction[0m
  ↳ bin/rails:9
  [1m[36mActiveRecord::InternalMetadata Create (6.3ms)[0m  [1m[32mINSERT INTO "ar_internal_metadata" ("key", "value", "created_at", "updated_at") VALUES (?, ?, ?, ?)[0m  [["key", "environment"], ["value", "development"], ["created_at", "2018-12-19 04:33:15.295880"], ["updated_at", "2018-12-19 04:33:15.295880"]]
  ↳ bin/rails:9
  [1m[35m (2.9ms)[0m  [1m[36mcommit transaction[0m
  ↳ bin/rails:9
  [1m[35m (2.7ms)[0m  [1m[34mSELECT "schema_migrations"."version" FROM "schema_migrations" ORDER BY "schema_migrations"."version" ASC[0m
  ↳ bin/rails:9
  [1m[35m (1.4ms)[0m  [1m[34mSELECT "schema_migrations"."version" FROM "schema_migrations" ORDER BY "schema_migrations"."version" ASC[0m
  ↳ bin/rails:9
Migrating to CreateTags (20181219043519)
  [1m[35m (0.1ms)[0m  [1m[36mbegin transaction[0m
  ↳ bin/rails:9
  [1m[35m (0.2ms)[0m  [1m[34mSELECT sqlite_version(*)[0m
  ↳ db/migrate/20181219043519_create_tags.rb:3
  [1m[35m (5.1ms)[0m  [1m[35mCREATE TABLE "tags" ("id" integer PRIMARY KEY AUTOINCREMENT NOT NULL, "created_at" datetime NOT NULL, "updated_at" datetime NOT NULL)[0m
  ↳ db/migrate/20181219043519_create_tags.rb:3
  [1m[36mActiveRecord::SchemaMigration Create (1.9ms)[0m  [1m[32mINSERT INTO "schema_migrations" ("version") VALUES (?)[0m  [["version", "20181219043519"]]
  ↳ bin/rails:9
  [1m[35m (3.2ms)[0m  [1m[36mcommit transaction[0m
  ↳ bin/rails:9
  [1m[36mActiveRecord::InternalMetadata Load (1.9ms)[0m  [1m[34mSELECT  "ar_internal_metadata".* FROM "ar_internal_metadata" WHERE "ar_internal_metadata"."key" = ? LIMIT ?[0m  [["key", "environment"], ["LIMIT", 1]]
  ↳ bin/rails:9
  [1m[35m (0.1ms)[0m  [1m[36mbegin transaction[0m
  ↳ bin/rails:9
  [1m[35m (0.1ms)[0m  [1m[36mcommit transaction[0m
  ↳ bin/rails:9
  [1m[35m (2.0ms)[0m  [1m[34mSELECT "schema_migrations"."version" FROM "schema_migrations" ORDER BY "schema_migrations"."version" ASC[0m
  ↳ bin/rails:9
  [1m[35m (1.3ms)[0m  [1m[34mSELECT "schema_migrations"."version" FROM "schema_migrations" ORDER BY "schema_migrations"."version" ASC[0m
  ↳ bin/rails:9
Migrating to CreateAuthors (20181219044432)
  [1m[35m (0.1ms)[0m  [1m[36mbegin transaction[0m
  ↳ bin/rails:9
  [1m[35m (0.1ms)[0m  [1m[34mSELECT sqlite_version(*)[0m
  ↳ db/migrate/20181219044432_create_authors.rb:3
  [1m[35m (5.8ms)[0m  [1m[35mCREATE TABLE "authors" ("id" integer PRIMARY KEY AUTOINCREMENT NOT NULL, "name" varchar NOT NULL, "created_at" datetime NOT NULL, "updated_at" datetime NOT NULL)[0m
  ↳ db/migrate/20181219044432_create_authors.rb:3
  [1m[36mActiveRecord::SchemaMigration Create (2.1ms)[0m  [1m[32mINSERT INTO "schema_migrations" ("version") VALUES (?)[0m  [["version", "20181219044432"]]
  ↳ bin/rails:9
  [1m[35m (3.6ms)[0m  [1m[36mcommit transaction[0m
  ↳ bin/rails:9
  [1m[36mActiveRecord::InternalMetadata Load (1.9ms)[0m  [1m[34mSELECT  "ar_internal_metadata".* FROM "ar_internal_metadata" WHERE "ar_internal_metadata"."key" = ? LIMIT ?[0m  [["key", "environment"], ["LIMIT", 1]]
  ↳ bin/rails:9
  [1m[35m (0.1ms)[0m  [1m[36mbegin transaction[0m
  ↳ bin/rails:9
  [1m[35m (0.1ms)[0m  [1m[36mcommit transaction[0m
  ↳ bin/rails:9
  [1m[35m (2.4ms)[0m  [1m[34mSELECT "schema_migrations"."version" FROM "schema_migrations" ORDER BY "schema_migrations"."version" ASC[0m
  ↳ bin/rails:9
  [1m[35m (1.4ms)[0m  [1m[34mSELECT "schema_migrations"."version" FROM "schema_migrations" ORDER BY "schema_migrations"."version" ASC[0m
  ↳ bin/rails:9
Migrating to CreateTagMaps (20181219044829)
  [1m[35m (0.1ms)[0m  [1m[36mbegin transaction[0m
  ↳ bin/rails:9
  [1m[35m (0.2ms)[0m  [1m[34mSELECT sqlite_version(*)[0m
  ↳ db/migrate/20181219044829_create_tag_maps.rb:3
  [1m[35m (4.6ms)[0m  [1m[35mCREATE TABLE "tag_maps" ("id" integer PRIMARY KEY AUTOINCREMENT NOT NULL, "file_name_id" integer NOT NULL, "tag_id" integer NOT NULL, "author_id" integer NOT NULL, "created_at" datetime NOT NULL, "updated_at" datetime NOT NULL)[0m
  ↳ db/migrate/20181219044829_create_tag_maps.rb:3
  [1m[36mActiveRecord::SchemaMigration Create (2.0ms)[0m  [1m[32mINSERT INTO "schema_migrations" ("version") VALUES (?)[0m  [["version", "20181219044829"]]
  ↳ bin/rails:9
  [1m[35m (3.4ms)[0m  [1m[36mcommit transaction[0m
  ↳ bin/rails:9
  [1m[36mActiveRecord::InternalMetadata Load (2.0ms)[0m  [1m[34mSELECT  "ar_internal_metadata".* FROM "ar_internal_metadata" WHERE "ar_internal_metadata"."key" = ? LIMIT ?[0m  [["key", "environment"], ["LIMIT", 1]]
  ↳ bin/rails:9
  [1m[35m (0.1ms)[0m  [1m[36mbegin transaction[0m
  ↳ bin/rails:9
  [1m[35m (0.1ms)[0m  [1m[36mcommit transaction[0m
  ↳ bin/rails:9
  [1m[35m (2.7ms)[0m  [1m[34mSELECT "schema_migrations"."version" FROM "schema_migrations" ORDER BY "schema_migrations"."version" ASC[0m
  ↳ bin/rails:9
  [1m[35m (1.4ms)[0m  [1m[34mSELECT "schema_migrations"."version" FROM "schema_migrations" ORDER BY "schema_migrations"."version" ASC[0m
  ↳ bin/rails:9
  [1m[36mActiveRecord::InternalMetadata Load (1.6ms)[0m  [1m[34mSELECT  "ar_internal_metadata".* FROM "ar_internal_metadata" WHERE "ar_internal_metadata"."key" = ? LIMIT ?[0m  [["key", "environment"], ["LIMIT", 1]]
  ↳ bin/rails:9
  [1m[35m (0.1ms)[0m  [1m[36mbegin transaction[0m
  ↳ bin/rails:9
  [1m[35m (0.1ms)[0m  [1m[36mcommit transaction[0m
  ↳ bin/rails:9
  [1m[35m (1.2ms)[0m  [1m[34mSELECT "schema_migrations"."version" FROM "schema_migrations" ORDER BY "schema_migrations"."version" ASC[0m
  ↳ bin/rails:9
  [1m[35m (1.2ms)[0m  [1m[34mSELECT "schema_migrations"."version" FROM "schema_migrations" ORDER BY "schema_migrations"."version" ASC[0m
  ↳ /usr/local/rbenv/versions/2.5.3/bin/rake:23
  [1m[36mActiveRecord::InternalMetadata Load (1.5ms)[0m  [1m[34mSELECT  "ar_internal_metadata".* FROM "ar_internal_metadata" WHERE "ar_internal_metadata"."key" = ? LIMIT ?[0m  [["key", "environment"], ["LIMIT", 1]]
  ↳ /usr/local/rbenv/versions/2.5.3/bin/rake:23
  [1m[35m (0.1ms)[0m  [1m[36mbegin transaction[0m
  ↳ /usr/local/rbenv/versions/2.5.3/bin/rake:23
  [1m[35m (0.1ms)[0m  [1m[36mcommit transaction[0m
  ↳ /usr/local/rbenv/versions/2.5.3/bin/rake:23
  [1m[35m (1.3ms)[0m  [1m[34mSELECT "schema_migrations"."version" FROM "schema_migrations" ORDER BY "schema_migrations"."version" ASC[0m
  ↳ /usr/local/rbenv/versions/2.5.3/bin/rake:23
  [1m[35m (1.8ms)[0m  [1m[34mSELECT "schema_migrations"."version" FROM "schema_migrations" ORDER BY "schema_migrations"."version" ASC[0m
  ↳ /usr/local/rbenv/versions/2.5.3/bin/rake:23
  [1m[35m (2.4ms)[0m  [1m[34mSELECT "schema_migrations"."version" FROM "schema_migrations" ORDER BY "schema_migrations"."version" ASC[0m
  ↳ /usr/local/rbenv/versions/2.5.3/bin/rake:23
  [1m[35m (1.0ms)[0m  [1m[34mSELECT "schema_migrations"."version" FROM "schema_migrations" ORDER BY "schema_migrations"."version" ASC[0m
  ↳ /usr/local/rbenv/versions/2.5.3/bin/rake:23
  [1m[35m (1.4ms)[0m  [1m[34mSELECT "schema_migrations"."version" FROM "schema_migrations" ORDER BY "schema_migrations"."version" ASC[0m
  ↳ /usr/local/rbenv/versions/2.5.3/bin/rake:23
Migrating to CreateTagMaps (20181219044829)
  [1m[35m (0.1ms)[0m  [1m[36mbegin transaction[0m
  ↳ /usr/local/rbenv/versions/2.5.3/bin/rake:23
  [1m[35m (7.0ms)[0m  [1m[35mDROP TABLE "tag_maps"[0m
  ↳ /usr/local/rbenv/versions/2.5.3/bin/rake:23
  [1m[36mActiveRecord::SchemaMigration Destroy (1.1ms)[0m  [1m[31mDELETE FROM "schema_migrations" WHERE "schema_migrations"."version" = ?[0m  [["version", "20181219044829"]]
  ↳ /usr/local/rbenv/versions/2.5.3/bin/rake:23
  [1m[35m (2.5ms)[0m  [1m[36mcommit transaction[0m
  ↳ /usr/local/rbenv/versions/2.5.3/bin/rake:23
  [1m[35m (3.0ms)[0m  [1m[34mSELECT "schema_migrations"."version" FROM "schema_migrations" ORDER BY "schema_migrations"."version" ASC[0m
  ↳ /usr/local/rbenv/versions/2.5.3/bin/rake:23
  [1m[35m (1.3ms)[0m  [1m[34mSELECT "schema_migrations"."version" FROM "schema_migrations" ORDER BY "schema_migrations"."version" ASC[0m
  ↳ bin/rails:9
Migrating to CreateTagMaps (20181219044829)
  [1m[35m (0.1ms)[0m  [1m[36mbegin transaction[0m
  ↳ bin/rails:9
  [1m[35m (0.1ms)[0m  [1m[34mSELECT sqlite_version(*)[0m
  ↳ db/migrate/20181219044829_create_tag_maps.rb:3
  [1m[35m (5.6ms)[0m  [1m[35mCREATE TABLE "tag_maps" ("id" integer PRIMARY KEY AUTOINCREMENT NOT NULL, "file_name_id" integer NOT NULL, "tag_id" integer NOT NULL, "author_id" integer NOT NULL, "created_at" datetime NOT NULL, "updated_at" datetime NOT NULL)[0m
  ↳ db/migrate/20181219044829_create_tag_maps.rb:3
  [1m[36mActiveRecord::SchemaMigration Create (2.0ms)[0m  [1m[32mINSERT INTO "schema_migrations" ("version") VALUES (?)[0m  [["version", "20181219044829"]]
  ↳ bin/rails:9
  [1m[35m (3.4ms)[0m  [1m[36mcommit transaction[0m
  ↳ bin/rails:9
  [1m[36mActiveRecord::InternalMetadata Load (1.8ms)[0m  [1m[34mSELECT  "ar_internal_metadata".* FROM "ar_internal_metadata" WHERE "ar_internal_metadata"."key" = ? LIMIT ?[0m  [["key", "environment"], ["LIMIT", 1]]
  ↳ bin/rails:9
  [1m[35m (0.1ms)[0m  [1m[36mbegin transaction[0m
  ↳ bin/rails:9
  [1m[35m (0.1ms)[0m  [1m[36mcommit transaction[0m
  ↳ bin/rails:9
  [1m[35m (4.8ms)[0m  [1m[34mSELECT "schema_migrations"."version" FROM "schema_migrations" ORDER BY "schema_migrations"."version" ASC[0m
  ↳ bin/rails:9
